[INFO ] 2024-01-21 20:01:11.984 [main] DemoTest - Get Signle user method execuuted successfully
[INFO ] 2024-01-21 20:01:12.116 [main] DemoTest - Get Multiple Users user method execuuted successfully
[INFO ] 2024-01-23 11:20:28.704 [main] DemoTest - Get Signle user method execuuted successfully
[INFO ] 2024-01-23 11:20:28.841 [main] DemoTest - Get Multiple Users user method execuuted successfully
[INFO ] 2024-01-23 11:21:11.496 [main] DemoTest - Get Signle user method execuuted successfully
[INFO ] 2024-01-23 11:21:11.632 [main] DemoTest - Get Multiple Users user method execuuted successfully
[INFO ] 2024-01-23 11:22:43.144 [main] DemoTest - Delete Multiple users method execuuted successfully
[INFO ] 2024-01-23 11:22:43.479 [main] DemoTest - Get Signle user method execuuted successfully
[INFO ] 2024-01-23 11:22:43.497 [main] DemoTest - Get Multiple Users user method execuuted successfully
[INFO ] 2024-01-23 11:22:43.535 [main] DemoTest - Insert Multiple users method execuuted successfully
[INFO ] 2024-01-23 11:22:43.580 [main] DemoTest - Update Multiple users method execuuted successfully
[INFO ] 2024-01-23 12:10:12.177 [main] DemoTest - Delete Multiple users method execuuted successfully
[INFO ] 2024-01-23 12:10:12.659 [main] DemoTest - Get Signle user method execuuted successfully
[INFO ] 2024-01-23 12:10:12.685 [main] DemoTest - Get Multiple Users user method execuuted successfully
[INFO ] 2024-01-23 12:10:12.717 [main] DemoTest - Insert Multiple users method execuuted successfully
[INFO ] 2024-01-23 12:10:12.797 [main] DemoTest - Update Multiple users method execuuted successfully
[INFO ] 2024-01-23 12:12:06.769 [main] DemoTest - Delete Multiple users method execuuted successfully
[INFO ] 2024-01-23 12:12:07.245 [main] DemoTest - Get Signle user method execuuted successfully
[INFO ] 2024-01-23 12:12:07.290 [main] DemoTest - Get Multiple Users user method execuuted successfully
[INFO ] 2024-01-23 12:12:07.337 [main] DemoTest - Insert Multiple users method execuuted successfully
[INFO ] 2024-01-23 12:12:07.440 [main] DemoTest - Update Multiple users method execuuted successfully
[INFO ] 2024-01-23 13:57:39.622 [main] DemoTest - Delete Multiple users method execuuted successfully
[INFO ] 2024-01-23 13:57:40.078 [main] DemoTest - Get Signle user method execuuted successfully
[INFO ] 2024-01-23 13:57:40.104 [main] DemoTest - Get Multiple Users user method execuuted successfully
[INFO ] 2024-01-23 13:57:40.134 [main] DemoTest - Insert Multiple users method execuuted successfully
[INFO ] 2024-01-23 13:57:40.174 [main] DemoTest - Update Multiple users method execuuted successfully
[INFO ] 2024-01-23 15:40:24.454 [main] DemoTest - Delete Multiple users method execuuted successfully
[INFO ] 2024-01-23 15:40:25.098 [main] DemoTest - Get Signle user method execuuted successfully
[INFO ] 2024-01-23 15:40:25.136 [main] DemoTest - Get Multiple Users user method execuuted successfully
[INFO ] 2024-01-23 15:40:25.188 [main] DemoTest - Insert Multiple users method execuuted successfully
[INFO ] 2024-01-23 15:40:25.253 [main] DemoTest - Update Multiple users method execuuted successfully
[INFO ] 2024-01-24 13:13:08.722 [main] DemoTest - Delete Multiple users method execuuted successfully
[INFO ] 2024-01-24 13:13:09.068 [main] DemoTest - Get Signle user method executed successfully
[INFO ] 2024-01-24 13:13:09.106 [main] DemoTest - Get Multiple Users user method executed successfully
[INFO ] 2024-01-24 13:13:09.140 [main] DemoTest - Insert Multiple users method execuuted successfully
[INFO ] 2024-01-24 13:13:09.187 [main] DemoTest - Update Multiple users method execuuted successfully
[INFO ] 2024-01-24 13:19:11.725 [main] DemoTest - Delete Multiple users method execuuted successfully
[INFO ] 2024-01-24 13:19:12.093 [main] DemoTest - Get Signle user method executed successfully
[INFO ] 2024-01-24 13:19:12.137 [main] DemoTest - Get Multiple Users user method executed successfully
[INFO ] 2024-01-24 13:19:12.176 [main] DemoTest - Insert Multiple users method execuuted successfully
[INFO ] 2024-01-24 13:19:12.228 [main] DemoTest - Update Multiple users method execuuted successfully
[INFO ] 2024-01-24 13:19:46.744 [main] DemoTest - Delete Multiple users method execuuted successfully
[INFO ] 2024-01-24 13:19:47.114 [main] DemoTest - Get Signle user method executed successfully
[INFO ] 2024-01-24 13:19:47.140 [main] DemoTest - Get Multiple Users user method executed successfully
[INFO ] 2024-01-24 13:19:47.177 [main] DemoTest - Insert Multiple users method execuuted successfully
[INFO ] 2024-01-24 13:19:47.244 [main] DemoTest - Update Multiple users method execuuted successfully
[INFO ] 2024-01-24 14:15:12.014 [main] DemoTest - Delete Multiple users method execuuted successfully
[INFO ] 2024-01-24 14:15:12.366 [main] DemoTest - Get Signle user method executed successfully
[INFO ] 2024-01-24 14:15:12.396 [main] DemoTest - Get Multiple Users user method executed successfully
[INFO ] 2024-01-24 14:15:12.433 [main] DemoTest - Insert Multiple users method execuuted successfully
[INFO ] 2024-01-24 14:15:12.479 [main] DemoTest - Update Multiple users method execuuted successfully
[INFO ] 2024-01-24 14:17:36.972 [main] DemoTest - Delete Multiple users method execuuted successfully
[INFO ] 2024-01-24 14:17:37.349 [main] DemoTest - Get Signle user method executed successfully
[INFO ] 2024-01-24 14:17:37.389 [main] DemoTest - Get Multiple Users user method executed successfully
[INFO ] 2024-01-24 14:17:37.424 [main] DemoTest - Insert Multiple users method execuuted successfully
[INFO ] 2024-01-24 14:17:37.473 [main] DemoTest - Update Multiple users method execuuted successfully
